
2025.01.15 15:03
	Mentés indítása.
	Dokumentumok - /opt/pybck/_peter-Dokumentumok.tar.gz
	Asztal - /opt/pybck/_peter-Asztal.tar.gz
	Jogosultsági probléma.
	Kihagyva.
	Mentés befejezve.

2025.01.15 15:04
	Mentés indítása.
	Dokumentumok - /opt/pybck/_peter-Dokumentumok.tar.gz
	Asztal - /opt/pybck/_peter-Asztal.tar.gz
	Jogosultsági probléma.
	Kihagyva.
	Mentés befejezve.

2025.04.04 17:09
	Mentés indítása.
	Asztal - /opt/pybck/_hajni-Asztal.tar.gz
	Dokumentumok - /opt/pybck/_hajni-Dokumentumok.tar.gz
	Asztal - /opt/pybck/_peter-Asztal.tar.gz
	Dokumentumok - /opt/pybck/_peter-Dokumentumok.tar.gz
	Asztal - /opt/pybck/_reka-Asztal.tar.gz
	Dokumentumok - /opt/pybck/_reka-Dokumentumok.tar.gz
	Mentés befejezve.
